[W 250219 17:05:20 smartWebSocketV2:318] Attempting to resubscribe/reconnect (Attempt 1)...
[E 250219 17:05:30 live_data:78] WebSocket error: Connection closed
[W 250219 17:05:30 smartWebSocketV2:342] Connection closed due to max retry attempts reached.
[E 250219 17:05:30 live_data:78] WebSocket error: Connection closed
[W 250219 17:05:30 smartWebSocketV2:342] Connection closed due to max retry attempts reached.
[E 250219 17:05:30 live_data:78] WebSocket error: Connection closed
[W 250219 17:05:30 smartWebSocketV2:342] Connection closed due to max retry attempts reached.
[I 250219 17:07:16 live_data:88] WebSocket connection opened
[W 250219 17:07:16 smartWebSocketV2:318] Attempting to resubscribe/reconnect (Attempt 1)...
[I 250219 17:07:27 live_data:88] WebSocket connection opened
[E 250219 17:07:27 live_data:92] WebSocket error: Connection closed
[I 250219 17:07:27 live_data:97] Attempting to reconnect (Attempt 1)...
[I 250219 17:07:27 live_data:88] WebSocket connection opened
[E 250219 17:07:27 live_data:92] WebSocket error: Connection closed
[I 250219 17:07:27 live_data:97] Attempting to reconnect (Attempt 1)...
[I 250219 17:07:28 live_data:88] WebSocket connection opened
[E 250219 17:07:28 live_data:92] WebSocket error: Connection closed
[I 250219 17:07:28 live_data:97] Attempting to reconnect (Attempt 1)...
[I 250219 17:07:28 live_data:88] WebSocket connection opened
[E 250219 17:07:28 live_data:92] WebSocket error: Connection closed
[I 250219 17:07:28 live_data:97] Attempting to reconnect (Attempt 1)...
[I 250219 17:07:28 live_data:88] WebSocket connection opened
[E 250219 17:07:29 live_data:92] WebSocket error: Connection closed
[I 250219 17:07:29 live_data:97] Attempting to reconnect (Attempt 1)...
[I 250219 17:07:29 live_data:88] WebSocket connection opened
[E 250219 17:07:29 live_data:92] WebSocket error: Connection closed
[I 250219 17:07:29 live_data:97] Attempting to reconnect (Attempt 1)...
[I 250219 17:07:29 live_data:88] WebSocket connection opened
[E 250219 17:07:30 live_data:92] WebSocket error: Connection closed
[I 250219 17:07:30 live_data:97] Attempting to reconnect (Attempt 1)...
[I 250219 17:07:30 live_data:88] WebSocket connection opened
[E 250219 17:07:30 live_data:92] WebSocket error: Connection closed
[I 250219 17:07:30 live_data:97] Attempting to reconnect (Attempt 1)...
[I 250219 17:07:30 live_data:88] WebSocket connection opened
[E 250219 17:07:31 live_data:92] WebSocket error: Connection closed
[I 250219 17:07:31 live_data:97] Attempting to reconnect (Attempt 1)...
[I 250219 17:07:31 live_data:88] WebSocket connection opened
[E 250219 17:07:31 live_data:92] WebSocket error: Connection closed
[I 250219 17:07:31 live_data:97] Attempting to reconnect (Attempt 1)...
[I 250219 17:07:31 live_data:88] WebSocket connection opened
[E 250219 17:07:32 live_data:92] WebSocket error: Connection closed
[I 250219 17:07:32 live_data:97] Attempting to reconnect (Attempt 1)...
[I 250219 17:07:32 live_data:88] WebSocket connection opened
[E 250219 17:07:32 live_data:92] WebSocket error: Connection closed
[I 250219 17:07:32 live_data:97] Attempting to reconnect (Attempt 1)...
[I 250219 17:07:32 live_data:88] WebSocket connection opened
[E 250219 17:07:32 live_data:92] WebSocket error: Connection closed
[I 250219 17:07:32 live_data:97] Attempting to reconnect (Attempt 1)...
[E 250219 17:07:32 live_data:92] WebSocket error: Connection closed
[I 250219 17:07:32 live_data:97] Attempting to reconnect (Attempt 1)...
[I 250219 17:07:33 live_data:88] WebSocket connection opened
[E 250219 17:07:33 smartWebSocketV2:212] Error occurred during subscribe: [WinError 10054] An existing connection was forcibly closed by the remote host
[E 250219 17:07:33 live_data:92] WebSocket error: Connection closed
[I 250219 17:07:33 live_data:97] Attempting to reconnect (Attempt 1)...
[I 250219 17:07:33 live_data:88] WebSocket connection opened
[E 250219 17:07:33 smartWebSocketV2:212] Error occurred during subscribe: [WinError 10054] An existing connection was forcibly closed by the remote host
[E 250219 17:07:33 live_data:92] WebSocket error: Connection closed
[I 250219 17:07:33 live_data:97] Attempting to reconnect (Attempt 1)...
[I 250219 17:07:33 live_data:88] WebSocket connection opened
[E 250219 17:07:34 smartWebSocketV2:212] Error occurred during subscribe: [WinError 10054] An existing connection was forcibly closed by the remote host
[E 250219 17:07:34 live_data:92] WebSocket error: Connection closed
[I 250219 17:07:34 live_data:97] Attempting to reconnect (Attempt 1)...
[I 250219 17:07:34 live_data:88] WebSocket connection opened
[E 250219 17:07:34 smartWebSocketV2:212] Error occurred during subscribe: [WinError 10054] An existing connection was forcibly closed by the remote host
[E 250219 17:07:34 live_data:92] WebSocket error: Connection closed
[I 250219 17:07:34 live_data:97] Attempting to reconnect (Attempt 1)...
[I 250219 17:07:34 live_data:88] WebSocket connection opened
[E 250219 17:07:34 smartWebSocketV2:212] Error occurred during subscribe: [WinError 10054] An existing connection was forcibly closed by the remote host
[E 250219 17:07:34 live_data:92] WebSocket error: Connection closed
[I 250219 17:07:34 live_data:97] Attempting to reconnect (Attempt 1)...
[I 250219 17:07:34 live_data:88] WebSocket connection opened
[E 250219 17:07:35 smartWebSocketV2:212] Error occurred during subscribe: [WinError 10054] An existing connection was forcibly closed by the remote host
[E 250219 17:07:35 live_data:92] WebSocket error: Connection closed
[I 250219 17:07:35 live_data:97] Attempting to reconnect (Attempt 1)...
[I 250219 17:07:35 live_data:88] WebSocket connection opened
[E 250219 17:07:35 smartWebSocketV2:212] Error occurred during subscribe: [WinError 10054] An existing connection was forcibly closed by the remote host
[E 250219 17:07:35 live_data:92] WebSocket error: Connection closed
[I 250219 17:07:35 live_data:97] Attempting to reconnect (Attempt 1)...
[I 250219 17:07:35 live_data:88] WebSocket connection opened
[E 250219 17:07:36 smartWebSocketV2:212] Error occurred during subscribe: [WinError 10054] An existing connection was forcibly closed by the remote host
[E 250219 17:07:36 live_data:92] WebSocket error: Connection closed
[I 250219 17:07:36 live_data:97] Attempting to reconnect (Attempt 1)...
[I 250219 17:07:36 live_data:88] WebSocket connection opened
[E 250219 17:07:37 smartWebSocketV2:212] Error occurred during subscribe: [WinError 10054] An existing connection was forcibly closed by the remote host
[E 250219 17:07:37 live_data:92] WebSocket error: Connection closed
[I 250219 17:07:37 live_data:97] Attempting to reconnect (Attempt 1)...
[I 250219 17:07:37 live_data:88] WebSocket connection opened
[E 250219 17:07:39 smartWebSocketV2:212] Error occurred during subscribe: [WinError 10054] An existing connection was forcibly closed by the remote host
[E 250219 17:07:39 live_data:92] WebSocket error: Connection closed
[I 250219 17:07:39 live_data:97] Attempting to reconnect (Attempt 1)...
[I 250219 17:07:40 live_data:88] WebSocket connection opened
[E 250219 17:07:44 smartWebSocketV2:212] Error occurred during subscribe: [WinError 10054] An existing connection was forcibly closed by the remote host
[E 250219 17:07:44 live_data:92] WebSocket error: Connection closed
[I 250219 17:07:44 live_data:97] Attempting to reconnect (Attempt 1)...
[I 250219 17:07:44 live_data:88] WebSocket connection opened
[E 250219 17:07:54 smartWebSocketV2:212] Error occurred during subscribe: [WinError 10054] An existing connection was forcibly closed by the remote host
[E 250219 17:07:54 live_data:92] WebSocket error: Connection closed
[I 250219 17:07:54 live_data:97] Attempting to reconnect (Attempt 1)...
[I 250219 17:07:54 live_data:88] WebSocket connection opened
[E 250219 17:08:13 smartWebSocketV2:212] Error occurred during subscribe: [WinError 10054] An existing connection was forcibly closed by the remote host
[E 250219 17:08:13 live_data:92] WebSocket error: Connection closed
[I 250219 17:08:13 live_data:97] Attempting to reconnect (Attempt 1)...
[I 250219 17:08:14 live_data:88] WebSocket connection opened
[E 250219 17:08:53 smartWebSocketV2:212] Error occurred during subscribe: string longer than 2147483647 bytes
[E 250219 17:08:53 live_data:92] WebSocket error: Connection closed
[I 250219 17:08:53 live_data:97] Attempting to reconnect (Attempt 1)...
[I 250219 17:08:53 live_data:88] WebSocket connection opened
[E 250219 17:10:00 smartWebSocketV2:212] Error occurred during subscribe: 
[E 250219 17:10:00 live_data:92] WebSocket error: Connection closed
[I 250219 17:10:00 live_data:97] Attempting to reconnect (Attempt 1)...
[I 250219 17:10:00 live_data:88] WebSocket connection opened
[E 250219 17:10:00 smartWebSocketV2:212] Error occurred during subscribe: 
[E 250219 17:10:00 live_data:92] WebSocket error: Connection closed
[I 250219 17:10:00 live_data:97] Attempting to reconnect (Attempt 1)...
[I 250219 17:10:01 live_data:88] WebSocket connection opened
[E 250219 17:10:01 smartWebSocketV2:212] Error occurred during subscribe: 
[E 250219 17:10:01 live_data:92] WebSocket error: Connection closed
[I 250219 17:10:01 live_data:97] Attempting to reconnect (Attempt 1)...
[I 250219 17:10:01 live_data:88] WebSocket connection opened
[E 250219 17:10:01 smartWebSocketV2:212] Error occurred during subscribe: 
[E 250219 17:10:01 live_data:92] WebSocket error: Connection closed
[I 250219 17:10:01 live_data:97] Attempting to reconnect (Attempt 1)...
[I 250219 17:10:01 live_data:88] WebSocket connection opened
[E 250219 17:10:01 smartWebSocketV2:212] Error occurred during subscribe: 
[E 250219 17:10:01 live_data:92] WebSocket error: Connection closed
[I 250219 17:10:01 live_data:97] Attempting to reconnect (Attempt 1)...
[I 250219 17:10:02 live_data:88] WebSocket connection opened
[E 250219 17:10:02 smartWebSocketV2:212] Error occurred during subscribe: 
[E 250219 17:10:02 live_data:92] WebSocket error: Connection closed
[I 250219 17:10:02 live_data:97] Attempting to reconnect (Attempt 1)...
[I 250219 17:10:02 live_data:88] WebSocket connection opened
[E 250219 17:10:02 smartWebSocketV2:212] Error occurred during subscribe: 
[E 250219 17:10:02 live_data:92] WebSocket error: Connection closed
[I 250219 17:10:02 live_data:97] Attempting to reconnect (Attempt 1)...
[E 250219 17:10:02 live_data:92] WebSocket error: Connection closed
[I 250219 17:10:02 live_data:97] Attempting to reconnect (Attempt 1)...
[I 250219 17:10:03 live_data:88] WebSocket connection opened
[E 250219 17:10:03 smartWebSocketV2:212] Error occurred during subscribe: 
[E 250219 17:10:03 live_data:92] WebSocket error: Connection closed
[I 250219 17:10:03 live_data:97] Attempting to reconnect (Attempt 1)...
[I 250219 17:10:03 live_data:88] WebSocket connection opened
[E 250219 17:10:03 smartWebSocketV2:212] Error occurred during subscribe: 
[E 250219 17:10:03 live_data:92] WebSocket error: Connection closed
[I 250219 17:10:03 live_data:97] Attempting to reconnect (Attempt 1)...
[I 250219 17:10:03 live_data:88] WebSocket connection opened
[E 250219 17:10:03 smartWebSocketV2:212] Error occurred during subscribe: 
[E 250219 17:10:03 live_data:92] WebSocket error: Connection closed
[I 250219 17:10:03 live_data:97] Attempting to reconnect (Attempt 1)...
[E 250219 17:10:03 live_data:92] WebSocket error: Connection closed
[I 250219 17:10:03 live_data:97] Attempting to reconnect (Attempt 1)...
[I 250219 17:10:03 live_data:88] WebSocket connection opened
[E 250219 17:10:03 smartWebSocketV2:212] Error occurred during subscribe: 
[E 250219 17:10:03 live_data:92] WebSocket error: Connection closed
[I 250219 17:10:03 live_data:97] Attempting to reconnect (Attempt 1)...
[E 250219 17:10:03 live_data:92] WebSocket error: Connection closed
[I 250219 17:10:03 live_data:97] Attempting to reconnect (Attempt 1)...
[E 250219 17:10:03 live_data:92] WebSocket error: Connection closed
[I 250219 17:10:03 live_data:97] Attempting to reconnect (Attempt 1)...
[I 250219 17:10:04 live_data:88] WebSocket connection opened
[E 250219 17:10:04 smartWebSocketV2:212] Error occurred during subscribe: 
[E 250219 17:10:04 live_data:92] WebSocket error: Connection closed
[I 250219 17:10:04 live_data:97] Attempting to reconnect (Attempt 1)...
[E 250219 17:10:04 live_data:92] WebSocket error: Connection closed
[I 250219 17:10:04 live_data:97] Attempting to reconnect (Attempt 1)...
[E 250219 17:10:04 live_data:92] WebSocket error: Connection closed
[I 250219 17:10:04 live_data:97] Attempting to reconnect (Attempt 1)...
[I 250219 17:10:04 live_data:88] WebSocket connection opened
[E 250219 17:10:04 smartWebSocketV2:212] Error occurred during subscribe: 
[E 250219 17:10:04 live_data:92] WebSocket error: Connection closed
[I 250219 17:10:04 live_data:97] Attempting to reconnect (Attempt 1)...
[E 250219 17:10:04 live_data:92] WebSocket error: Connection closed
[I 250219 17:10:04 live_data:97] Attempting to reconnect (Attempt 1)...
[E 250219 17:10:04 live_data:92] WebSocket error: Connection closed
[I 250219 17:10:04 live_data:97] Attempting to reconnect (Attempt 1)...
[I 250219 17:10:04 live_data:88] WebSocket connection opened
[E 250219 17:10:04 smartWebSocketV2:212] Error occurred during subscribe: 
[E 250219 17:10:04 live_data:92] WebSocket error: Connection closed
[I 250219 17:10:04 live_data:97] Attempting to reconnect (Attempt 1)...
[E 250219 17:10:04 live_data:92] WebSocket error: Connection closed
[I 250219 17:10:04 live_data:97] Attempting to reconnect (Attempt 1)...
[I 250219 17:10:04 live_data:88] WebSocket connection opened
[E 250219 17:10:04 smartWebSocketV2:212] Error occurred during subscribe: 
[E 250219 17:10:04 live_data:92] WebSocket error: Connection closed
[I 250219 17:10:04 live_data:97] Attempting to reconnect (Attempt 1)...
[E 250219 17:10:04 live_data:92] WebSocket error: Connection closed
[I 250219 17:10:04 live_data:97] Attempting to reconnect (Attempt 1)...
[I 250219 17:10:05 live_data:88] WebSocket connection opened
[E 250219 17:10:05 smartWebSocketV2:212] Error occurred during subscribe: 
[E 250219 17:10:05 live_data:92] WebSocket error: Connection closed
[I 250219 17:10:05 live_data:97] Attempting to reconnect (Attempt 1)...
[E 250219 17:10:05 live_data:92] WebSocket error: Connection closed
[I 250219 17:10:05 live_data:97] Attempting to reconnect (Attempt 1)...
[E 250219 17:10:05 live_data:92] WebSocket error: Connection closed
[I 250219 17:10:05 live_data:97] Attempting to reconnect (Attempt 1)...
[I 250219 17:10:05 live_data:88] WebSocket connection opened
[E 250219 17:10:05 smartWebSocketV2:212] Error occurred during subscribe: 
[E 250219 17:10:05 live_data:92] WebSocket error: Connection closed
[I 250219 17:10:05 live_data:97] Attempting to reconnect (Attempt 1)...
[E 250219 17:10:05 live_data:92] WebSocket error: Connection closed
[I 250219 17:10:05 live_data:97] Attempting to reconnect (Attempt 1)...
[E 250219 17:10:05 live_data:92] WebSocket error: Connection closed
[I 250219 17:10:05 live_data:97] Attempting to reconnect (Attempt 1)...
[I 250219 17:10:05 live_data:88] WebSocket connection opened
[E 250219 17:10:05 smartWebSocketV2:212] Error occurred during subscribe: 
[E 250219 17:10:05 live_data:92] WebSocket error: Connection closed
[I 250219 17:10:05 live_data:97] Attempting to reconnect (Attempt 1)...
[E 250219 17:10:05 live_data:92] WebSocket error: Connection closed
[I 250219 17:10:05 live_data:97] Attempting to reconnect (Attempt 1)...
[I 250219 17:10:05 live_data:88] WebSocket connection opened
[E 250219 17:10:05 smartWebSocketV2:212] Error occurred during subscribe: 
[E 250219 17:10:05 live_data:92] WebSocket error: Connection closed
[I 250219 17:10:05 live_data:97] Attempting to reconnect (Attempt 1)...
[E 250219 17:10:05 live_data:92] WebSocket error: Connection closed
[I 250219 17:10:05 live_data:97] Attempting to reconnect (Attempt 1)...
[I 250219 17:10:06 live_data:88] WebSocket connection opened
[E 250219 17:10:06 smartWebSocketV2:212] Error occurred during subscribe: 
[E 250219 17:10:06 live_data:92] WebSocket error: Connection closed
[I 250219 17:10:06 live_data:97] Attempting to reconnect (Attempt 1)...
[E 250219 17:10:06 live_data:92] WebSocket error: Connection closed
[I 250219 17:10:06 live_data:97] Attempting to reconnect (Attempt 1)...
[I 250219 17:10:06 live_data:88] WebSocket connection opened
[E 250219 17:10:06 smartWebSocketV2:212] Error occurred during subscribe: 
[E 250219 17:10:06 live_data:92] WebSocket error: Connection closed
[I 250219 17:10:06 live_data:97] Attempting to reconnect (Attempt 1)...
[E 250219 17:10:06 live_data:92] WebSocket error: Connection closed
[I 250219 17:10:06 live_data:97] Attempting to reconnect (Attempt 1)...
[I 250219 17:10:06 live_data:88] WebSocket connection opened
[E 250219 17:10:06 smartWebSocketV2:212] Error occurred during subscribe: 
[E 250219 17:10:06 live_data:92] WebSocket error: Connection closed
[I 250219 17:10:06 live_data:97] Attempting to reconnect (Attempt 1)...
[E 250219 17:10:06 live_data:92] WebSocket error: Connection closed
[I 250219 17:10:06 live_data:97] Attempting to reconnect (Attempt 1)...
[I 250219 17:10:06 live_data:88] WebSocket connection opened
[E 250219 17:10:06 smartWebSocketV2:212] Error occurred during subscribe: 
[E 250219 17:10:06 live_data:92] WebSocket error: Connection closed
[I 250219 17:10:06 live_data:97] Attempting to reconnect (Attempt 1)...
[E 250219 17:10:06 live_data:92] WebSocket error: Connection closed
[I 250219 17:10:06 live_data:97] Attempting to reconnect (Attempt 1)...
[E 250219 17:10:06 live_data:92] WebSocket error: Connection closed
[I 250219 17:10:06 live_data:97] Attempting to reconnect (Attempt 1)...
[I 250219 17:10:06 live_data:88] WebSocket connection opened
[E 250219 17:10:06 smartWebSocketV2:212] Error occurred during subscribe: 
[E 250219 17:10:06 live_data:92] WebSocket error: Connection closed
[I 250219 17:10:06 live_data:97] Attempting to reconnect (Attempt 1)...
[E 250219 17:10:07 live_data:92] WebSocket error: Connection closed
[I 250219 17:10:07 live_data:97] Attempting to reconnect (Attempt 1)...
[E 250219 17:10:07 live_data:92] WebSocket error: Connection closed
[I 250219 17:10:07 live_data:97] Attempting to reconnect (Attempt 1)...
[I 250219 17:10:07 live_data:88] WebSocket connection opened
[E 250219 17:10:07 smartWebSocketV2:212] Error occurred during subscribe: 
[E 250219 17:10:07 live_data:92] WebSocket error: Connection closed
[I 250219 17:10:07 live_data:97] Attempting to reconnect (Attempt 1)...
[I 250219 17:10:14 live_data:88] WebSocket connection opened
[E 250219 17:10:14 smartWebSocketV2:212] Error occurred during subscribe: 
[E 250219 17:10:14 live_data:92] WebSocket error: Connection closed
[I 250219 17:10:14 live_data:97] Attempting to reconnect (Attempt 1)...
[E 250219 17:10:14 live_data:92] WebSocket error: Connection closed
[I 250219 17:10:14 live_data:97] Attempting to reconnect (Attempt 1)...
[E 250219 17:10:14 live_data:92] WebSocket error: Connection closed
[I 250219 17:10:14 live_data:97] Attempting to reconnect (Attempt 1)...
[I 250219 17:10:15 live_data:88] WebSocket connection opened
[E 250219 17:10:15 smartWebSocketV2:212] Error occurred during subscribe: 
[E 250219 17:10:15 live_data:92] WebSocket error: Connection closed
[I 250219 17:10:15 live_data:97] Attempting to reconnect (Attempt 1)...
[E 250219 17:10:15 live_data:92] WebSocket error: Connection closed
[I 250219 17:10:15 live_data:97] Attempting to reconnect (Attempt 1)...
[E 250219 17:10:15 live_data:92] WebSocket error: Connection closed
[I 250219 17:10:15 live_data:97] Attempting to reconnect (Attempt 1)...
[I 250219 17:10:15 live_data:88] WebSocket connection opened
[E 250219 17:10:15 smartWebSocketV2:212] Error occurred during subscribe: 
[E 250219 17:10:15 live_data:92] WebSocket error: Connection closed
[I 250219 17:10:15 live_data:97] Attempting to reconnect (Attempt 1)...
[E 250219 17:10:15 live_data:92] WebSocket error: Connection closed
[I 250219 17:10:15 live_data:97] Attempting to reconnect (Attempt 1)...
[E 250219 17:10:15 live_data:92] WebSocket error: Connection closed
[I 250219 17:10:15 live_data:97] Attempting to reconnect (Attempt 1)...
[I 250219 17:10:15 live_data:88] WebSocket connection opened
[E 250219 17:10:15 smartWebSocketV2:212] Error occurred during subscribe: 
[E 250219 17:10:15 live_data:92] WebSocket error: Connection closed
[I 250219 17:10:15 live_data:97] Attempting to reconnect (Attempt 1)...
[E 250219 17:10:15 live_data:92] WebSocket error: Connection closed
[I 250219 17:10:15 live_data:97] Attempting to reconnect (Attempt 1)...
[E 250219 17:10:15 live_data:92] WebSocket error: Connection closed
[I 250219 17:10:15 live_data:97] Attempting to reconnect (Attempt 1)...
[I 250219 17:10:15 live_data:88] WebSocket connection opened
[E 250219 17:10:15 smartWebSocketV2:212] Error occurred during subscribe: 
[E 250219 17:10:15 live_data:92] WebSocket error: Connection closed
[I 250219 17:10:15 live_data:97] Attempting to reconnect (Attempt 1)...
[E 250219 17:10:16 live_data:92] WebSocket error: Connection closed
[I 250219 17:10:16 live_data:97] Attempting to reconnect (Attempt 1)...
[E 250219 17:10:16 live_data:92] WebSocket error: Connection closed
[I 250219 17:10:16 live_data:97] Attempting to reconnect (Attempt 1)...
[I 250219 17:10:16 live_data:88] WebSocket connection opened
[E 250219 17:10:16 smartWebSocketV2:212] Error occurred during subscribe: 
[E 250219 17:10:16 live_data:92] WebSocket error: Connection closed
[I 250219 17:10:16 live_data:97] Attempting to reconnect (Attempt 1)...
[E 250219 17:10:16 live_data:92] WebSocket error: Connection closed
[I 250219 17:10:16 live_data:97] Attempting to reconnect (Attempt 1)...
[E 250219 17:10:16 live_data:92] WebSocket error: Connection closed
[I 250219 17:10:16 live_data:97] Attempting to reconnect (Attempt 1)...
[I 250219 17:10:16 live_data:88] WebSocket connection opened
[E 250219 17:10:16 smartWebSocketV2:212] Error occurred during subscribe: 
[E 250219 17:10:16 live_data:92] WebSocket error: Connection closed
[I 250219 17:10:16 live_data:97] Attempting to reconnect (Attempt 1)...
[E 250219 17:10:16 live_data:92] WebSocket error: Connection closed
[I 250219 17:10:16 live_data:97] Attempting to reconnect (Attempt 1)...
[E 250219 17:10:16 live_data:92] WebSocket error: Connection closed
[I 250219 17:10:16 live_data:97] Attempting to reconnect (Attempt 1)...
[I 250219 17:10:17 live_data:88] WebSocket connection opened
[E 250219 17:10:17 smartWebSocketV2:212] Error occurred during subscribe: 
[E 250219 17:10:17 live_data:92] WebSocket error: Connection closed
[I 250219 17:10:17 live_data:97] Attempting to reconnect (Attempt 1)...
[E 250219 17:10:17 live_data:92] WebSocket error: Connection closed
[I 250219 17:10:17 live_data:97] Attempting to reconnect (Attempt 1)...
[E 250219 17:10:17 live_data:92] WebSocket error: Connection closed
[I 250219 17:10:17 live_data:97] Attempting to reconnect (Attempt 1)...
[I 250219 17:10:17 live_data:88] WebSocket connection opened
[E 250219 17:10:17 smartWebSocketV2:212] Error occurred during subscribe: 
[E 250219 17:10:17 live_data:92] WebSocket error: Connection closed
[I 250219 17:10:17 live_data:97] Attempting to reconnect (Attempt 1)...
[E 250219 17:10:17 live_data:92] WebSocket error: Connection closed
[I 250219 17:10:17 live_data:97] Attempting to reconnect (Attempt 1)...
[E 250219 17:10:17 live_data:92] WebSocket error: Connection closed
[I 250219 17:10:17 live_data:97] Attempting to reconnect (Attempt 1)...
[I 250219 17:10:17 live_data:88] WebSocket connection opened
[E 250219 17:10:17 smartWebSocketV2:212] Error occurred during subscribe: 
[E 250219 17:10:17 live_data:92] WebSocket error: Connection closed
[I 250219 17:10:17 live_data:97] Attempting to reconnect (Attempt 1)...
[E 250219 17:10:17 live_data:92] WebSocket error: Connection closed
[I 250219 17:10:17 live_data:97] Attempting to reconnect (Attempt 1)...
[I 250219 17:10:18 live_data:88] WebSocket connection opened
[E 250219 17:10:18 smartWebSocketV2:212] Error occurred during subscribe: 
[E 250219 17:10:18 live_data:92] WebSocket error: Connection closed
[I 250219 17:10:18 live_data:97] Attempting to reconnect (Attempt 1)...
[E 250219 17:10:18 live_data:92] WebSocket error: Connection closed
[I 250219 17:10:18 live_data:97] Attempting to reconnect (Attempt 1)...
[E 250219 17:10:18 live_data:92] WebSocket error: Connection closed
[I 250219 17:10:18 live_data:97] Attempting to reconnect (Attempt 1)...
[I 250219 17:10:18 live_data:88] WebSocket connection opened
[E 250219 17:10:18 smartWebSocketV2:212] Error occurred during subscribe: 
[E 250219 17:10:18 live_data:92] WebSocket error: Connection closed
[I 250219 17:10:18 live_data:97] Attempting to reconnect (Attempt 1)...
[E 250219 17:10:18 live_data:92] WebSocket error: Connection closed
[I 250219 17:10:18 live_data:97] Attempting to reconnect (Attempt 1)...
[E 250219 17:10:18 live_data:92] WebSocket error: Connection closed
[I 250219 17:10:18 live_data:97] Attempting to reconnect (Attempt 1)...
[I 250219 17:10:18 live_data:88] WebSocket connection opened
[E 250219 17:10:18 smartWebSocketV2:212] Error occurred during subscribe: 
[E 250219 17:10:18 live_data:92] WebSocket error: Connection closed
[I 250219 17:10:18 live_data:97] Attempting to reconnect (Attempt 1)...
[E 250219 17:10:18 live_data:92] WebSocket error: Connection closed
[I 250219 17:10:18 live_data:97] Attempting to reconnect (Attempt 1)...
[I 250219 17:10:18 live_data:88] WebSocket connection opened
[E 250219 17:10:18 smartWebSocketV2:212] Error occurred during subscribe: 
[E 250219 17:10:18 live_data:92] WebSocket error: Connection closed
[I 250219 17:10:18 live_data:97] Attempting to reconnect (Attempt 1)...
[E 250219 17:10:18 live_data:92] WebSocket error: Connection closed
[I 250219 17:10:18 live_data:97] Attempting to reconnect (Attempt 1)...
[I 250219 17:10:19 live_data:88] WebSocket connection opened
[E 250219 17:10:19 smartWebSocketV2:212] Error occurred during subscribe: 
[E 250219 17:10:19 live_data:92] WebSocket error: Connection closed
[I 250219 17:10:19 live_data:97] Attempting to reconnect (Attempt 1)...
[E 250219 17:10:19 live_data:92] WebSocket error: Connection closed
[I 250219 17:10:19 live_data:97] Attempting to reconnect (Attempt 1)...
[I 250219 17:10:19 live_data:88] WebSocket connection opened
[E 250219 17:10:19 smartWebSocketV2:212] Error occurred during subscribe: 
[E 250219 17:10:19 live_data:92] WebSocket error: Connection closed
[I 250219 17:10:19 live_data:97] Attempting to reconnect (Attempt 1)...
[E 250219 17:10:19 live_data:92] WebSocket error: Connection closed
[I 250219 17:10:19 live_data:97] Attempting to reconnect (Attempt 1)...
[I 250219 17:10:19 live_data:88] WebSocket connection opened
[E 250219 17:10:19 smartWebSocketV2:212] Error occurred during subscribe: 
[E 250219 17:10:19 live_data:92] WebSocket error: Connection closed
[I 250219 17:10:19 live_data:97] Attempting to reconnect (Attempt 1)...
[E 250219 17:10:19 live_data:92] WebSocket error: Connection closed
[I 250219 17:10:19 live_data:97] Attempting to reconnect (Attempt 1)...
[E 250219 17:10:19 live_data:92] WebSocket error: Connection closed
[I 250219 17:10:19 live_data:97] Attempting to reconnect (Attempt 1)...
[I 250219 17:10:19 live_data:88] WebSocket connection opened
[E 250219 17:10:19 smartWebSocketV2:212] Error occurred during subscribe: 
[E 250219 17:10:19 live_data:92] WebSocket error: Connection closed
[I 250219 17:10:19 live_data:97] Attempting to reconnect (Attempt 1)...
[E 250219 17:10:19 live_data:92] WebSocket error: Connection closed
[I 250219 17:10:19 live_data:97] Attempting to reconnect (Attempt 1)...
[E 250219 17:10:19 live_data:92] WebSocket error: Connection closed
[I 250219 17:10:19 live_data:97] Attempting to reconnect (Attempt 1)...
[I 250219 17:10:19 live_data:88] WebSocket connection opened
[E 250219 17:10:19 smartWebSocketV2:212] Error occurred during subscribe: 
[E 250219 17:10:19 live_data:92] WebSocket error: Connection closed
[I 250219 17:10:19 live_data:97] Attempting to reconnect (Attempt 1)...
[E 250219 17:10:20 live_data:92] WebSocket error: Connection closed
[I 250219 17:10:20 live_data:97] Attempting to reconnect (Attempt 1)...
[E 250219 17:10:20 live_data:92] WebSocket error: Connection closed
[I 250219 17:10:20 live_data:97] Attempting to reconnect (Attempt 1)...
[I 250219 17:10:20 live_data:88] WebSocket connection opened
[E 250219 17:10:20 smartWebSocketV2:212] Error occurred during subscribe: 
[E 250219 17:10:20 live_data:92] WebSocket error: Connection closed
[I 250219 17:10:20 live_data:97] Attempting to reconnect (Attempt 1)...
[E 250219 17:10:20 live_data:92] WebSocket error: Connection closed
[I 250219 17:10:20 live_data:97] Attempting to reconnect (Attempt 1)...
[E 250219 17:10:20 live_data:92] WebSocket error: Connection closed
[I 250219 17:10:20 live_data:97] Attempting to reconnect (Attempt 1)...
[I 250219 17:10:20 live_data:88] WebSocket connection opened
[E 250219 17:10:20 smartWebSocketV2:212] Error occurred during subscribe: 
[E 250219 17:10:20 live_data:92] WebSocket error: Connection closed
[I 250219 17:10:20 live_data:97] Attempting to reconnect (Attempt 1)...
[E 250219 17:10:20 live_data:92] WebSocket error: Connection closed
[I 250219 17:10:20 live_data:97] Attempting to reconnect (Attempt 1)...
[E 250219 17:10:20 live_data:92] WebSocket error: Connection closed
[I 250219 17:10:20 live_data:97] Attempting to reconnect (Attempt 1)...
[I 250219 17:10:20 live_data:88] WebSocket connection opened
[E 250219 17:10:20 smartWebSocketV2:212] Error occurred during subscribe: 
[E 250219 17:10:20 live_data:92] WebSocket error: Connection closed
[I 250219 17:10:20 live_data:97] Attempting to reconnect (Attempt 1)...
[E 250219 17:10:20 live_data:92] WebSocket error: Connection closed
[I 250219 17:10:20 live_data:97] Attempting to reconnect (Attempt 1)...
[E 250219 17:10:20 live_data:92] WebSocket error: Connection closed
[I 250219 17:10:20 live_data:97] Attempting to reconnect (Attempt 1)...
[I 250219 17:10:21 live_data:88] WebSocket connection opened
[E 250219 17:10:21 smartWebSocketV2:212] Error occurred during subscribe: 
[E 250219 17:10:21 live_data:92] WebSocket error: Connection closed
[I 250219 17:10:21 live_data:97] Attempting to reconnect (Attempt 1)...
[E 250219 17:10:21 live_data:92] WebSocket error: Connection closed
[I 250219 17:10:21 live_data:97] Attempting to reconnect (Attempt 1)...
[E 250219 17:10:21 live_data:92] WebSocket error: Connection closed
[I 250219 17:10:21 live_data:97] Attempting to reconnect (Attempt 1)...
[I 250219 17:10:21 live_data:88] WebSocket connection opened
[E 250219 17:10:21 smartWebSocketV2:212] Error occurred during subscribe: 
[E 250219 17:10:21 live_data:92] WebSocket error: Connection closed
[I 250219 17:10:21 live_data:97] Attempting to reconnect (Attempt 1)...
[E 250219 17:10:21 live_data:92] WebSocket error: Connection closed
[I 250219 17:10:21 live_data:97] Attempting to reconnect (Attempt 1)...
[I 250219 17:10:21 live_data:88] WebSocket connection opened
[E 250219 17:10:21 smartWebSocketV2:212] Error occurred during subscribe: 
[E 250219 17:10:21 live_data:92] WebSocket error: Connection closed
[I 250219 17:10:21 live_data:97] Attempting to reconnect (Attempt 1)...
[E 250219 17:10:21 live_data:92] WebSocket error: Connection closed
[I 250219 17:10:21 live_data:97] Attempting to reconnect (Attempt 1)...
[E 250219 17:10:21 live_data:92] WebSocket error: Connection closed
[I 250219 17:10:21 live_data:97] Attempting to reconnect (Attempt 1)...
[I 250219 17:10:21 live_data:88] WebSocket connection opened
[E 250219 17:10:21 smartWebSocketV2:212] Error occurred during subscribe: 
[E 250219 17:10:21 live_data:92] WebSocket error: Connection closed
[I 250219 17:10:21 live_data:97] Attempting to reconnect (Attempt 1)...
[E 250219 17:10:21 live_data:92] Bad message (RecursionError('maximum recursion depth exceeded in __instancecheck__')): {'name': 'logzero_default', 'msg': 'WebSocket error: Connection closed', 'args': (), 'levelname': 'ERROR', 'levelno': 40, 'pathname': 'C:\\Users\\shafe\\mtb-master\\live_data.py', 'filename': 'live_data.py', 'module': 'live_data', 'exc_info': None, 'exc_text': None, 'stack_info': None, 'lineno': 92, 'funcName': 'on_error', 'created': 1739965221.9659264, 'msecs': 965.9264087677002, 'relativeCreated': 189251.69372558594, 'thread': 43180, 'threadName': 'MainThread', 'processName': 'MainProcess', 'process': 8328, 'message': 'WebSocket error: Connection closed', 'asctime': '250219 17:10:21', 'color': '\x1b[31m', 'end_color': '\x1b[39m'}
[I 250219 17:10:21 live_data:97] Attempting to reconnect (Attempt 1)...
[E 250219 17:10:22 live_data:92] WebSocket error: Connection closed
[I 250219 17:10:22 live_data:97] Attempting to reconnect (Attempt 1)...
[I 250219 17:10:22 live_data:88] WebSocket connection opened
[E 250219 17:10:22 smartWebSocketV2:212] Error occurred during subscribe: 
[E 250219 17:10:22 live_data:92] WebSocket error: Connection closed
[I 250219 17:10:22 live_data:97] Attempting to reconnect (Attempt 1)...
[E 250219 17:10:22 live_data:92] WebSocket error: Connection closed
[I 250219 17:10:22 live_data:97] Attempting to reconnect (Attempt 1)...
[I 250219 17:10:22 live_data:88] WebSocket connection opened
[E 250219 17:10:22 smartWebSocketV2:212] Error occurred during subscribe: 
[E 250219 17:10:22 live_data:92] WebSocket error: Connection closed
[I 250219 17:10:22 live_data:97] Attempting to reconnect (Attempt 1)...
[E 250219 17:10:22 live_data:92] WebSocket error: Connection closed
[I 250219 17:10:22 live_data:97] Attempting to reconnect (Attempt 1)...
[E 250219 17:10:22 live_data:92] WebSocket error: Connection closed
[I 250219 17:10:22 live_data:97] Attempting to reconnect (Attempt 1)...
[I 250219 17:10:22 live_data:88] WebSocket connection opened
[E 250219 17:10:22 smartWebSocketV2:212] Error occurred during subscribe: 
[E 250219 17:10:22 live_data:92] WebSocket error: Connection closed
[I 250219 17:10:22 live_data:97] Attempting to reconnect (Attempt 1)...
